<?xml version="1.0" encoding="UTF-8"?>
<testsuite xmlns:xsi="http://www.w3.org/2001/XMLSchema-instance" xsi:schemaLocation="https://maven.apache.org/surefire/maven-surefire-plugin/xsd/surefire-test-report.xsd" name="As a Rahul Shetty Academy student I want to login to the application" time="31.214" tests="3" errors="0" skipped="0" failures="0">
  <properties>
[...]
</properties>
  <testcase name="Login to the application with multiple users #1" classname="As a Rahul Shetty Academy student I want to login to the application" time="9.274"/>
  <testcase name="Login to the application with multiple users #2" classname="As a Rahul Shetty Academy student I want to login to the application" time="11.307"/>
  <testcase name="Login to the application with multiple users #3" classname="As a Rahul Shetty Academy student I want to login to the application" time="10.628"/>
</testsuite>